[2018-06-06 12:16:03] START
[2018-06-06 12:16:14] CREATE test.py: 0
[2018-06-06 12:16:31] EDIT Cookr/controllers/test.py: 1
[2018-06-06 12:23:51] EDIT Cookr/controllers/test.py: 0
[2018-06-06 12:24:19] CREATE new_recipe.html: 0
[2018-06-06 12:26:02] EDIT Cookr/views/new_recipe.html: 3
[2018-06-06 12:29:57] CREATE test.html: 0
[2018-06-06 12:30:15] DELETE Cookr/views/test.html: -3
[2018-06-06 12:31:25] CREATE test/index.html: 0
[2018-06-06 12:32:12] EDIT Cookr/views/test/index.html: 3
[2018-06-06 12:32:46] EDIT Cookr/controllers/test.py: -1
[2018-06-06 12:33:08] EDIT Cookr/controllers/test.py: 1
[2018-06-06 12:35:15] EDIT Cookr/views/test/index.html: 0
[2018-06-06 12:37:08] EDIT Cookr/views/test/index.html: -2
[2018-06-06 12:38:21] EDIT Cookr/controllers/test.py: 2
[2018-06-06 12:38:36] EDIT Cookr/controllers/test.py: 0
[2018-06-06 12:39:31] EDIT Cookr/controllers/default.py: -1
[2018-06-06 12:40:09] EDIT Cookr/views/default/index.html: -34
[2018-06-06 12:40:56] EDIT Cookr/views/default/index.html: 2
[2018-06-06 12:41:58] EDIT Cookr/views/default/index.html: 0
[2018-06-06 12:43:12] EDIT Cookr/controllers/default.py: 3
[2018-06-06 12:43:54] EDIT Cookr/views/default/index.html: 0
[2018-06-06 12:44:10] EDIT Cookr/views/default/index.html: 0
[2018-06-06 12:45:32] EDIT Cookr/views/default/index.html: -4
[2018-06-06 12:46:12] EDIT Cookr/controllers/default.py: 0
[2018-06-06 12:47:11] EDIT Cookr/controllers/default.py: 1
[2018-06-06 12:48:52] EDIT Cookr/controllers/default.py: 2
[2018-06-06 12:49:36] EDIT Cookr/controllers/default.py: 0
[2018-06-06 12:50:20] EDIT Cookr/controllers/default.py: 0
[2018-06-07 09:06:59] CREATE db1.py: 0
[2018-06-07 09:08:41] EDIT Cookr/models/db1.py: 1
[2018-06-07 09:21:01] EDIT Cookr/models/db1.py: 16
[2018-06-07 09:21:14] EDIT Cookr/models/db1.py: 0
[2018-06-07 09:21:25] EDIT Cookr/models/db1.py: 0
[2018-06-07 09:22:24] EDIT Cookr/models/db1.py: 0
[2018-06-07 09:48:39] EDIT Cookr/models/db1.py: 11
[2018-06-07 09:50:07] EDIT Cookr/models/db1.py: 3
[2018-06-07 09:54:36] EDIT Cookr/models/db1.py: 3
[2018-06-07 09:55:22] EDIT Cookr/models/db1.py: 0
[2018-06-07 10:00:07] EDIT Cookr/models/db1.py: 1
[2018-06-07 10:00:19] EDIT Cookr/models/db1.py: 1
[2018-06-07 10:02:04] EDIT Cookr/controllers/default.py: -2
[2018-06-07 10:03:16] EDIT Cookr/controllers/default.py: 0
[2018-06-07 10:04:50] EDIT Cookr/controllers/default.py: 1
[2018-06-07 10:04:57] EDIT Cookr/views/default/index.html: 0
[2018-06-07 10:05:04] EDIT Cookr/controllers/default.py: 0
[2018-06-07 10:05:34] EDIT Cookr/views/default/index.html: 7
[2018-06-07 10:05:56] EDIT Cookr/controllers/default.py: 0
[2018-06-07 10:08:50] EDIT Cookr/controllers/default.py: 1
[2018-06-07 10:09:21] EDIT Cookr/views/default/index.html: 4
[2018-06-07 10:09:26] EDIT Cookr/controllers/default.py: 0
[2018-06-07 10:11:38] EDIT Cookr/views/default/index.html: 6
[2018-06-07 10:11:59] EDIT Cookr/views/default/index.html: 0
[2018-06-07 10:12:24] EDIT Cookr/views/default/index.html: 1
[2018-06-07 10:14:56] EDIT Cookr/views/default/index.html: 8
[2018-06-07 10:16:05] EDIT Cookr/views/default/index.html: 4
[2018-06-07 10:17:31] EDIT Cookr/controllers/default.py: 3
[2018-06-07 10:20:27] EDIT Cookr/controllers/default.py: 0
[2018-06-07 10:20:51] CREATE recipe_list.html: 0
[2018-06-07 10:23:10] EDIT Cookr/views/recipe_list.html: 24
[2018-06-07 10:24:26] CREATE view_recipesList.html: 0
[2018-06-07 10:25:02] EDIT Cookr/controllers/default.py: 0
[2018-06-07 10:25:06] EDIT Cookr/views/recipe_list.html: 0
[2018-06-07 10:27:25] EDIT Cookr/controllers/default.py: 0
[2018-06-07 10:28:06] DELETE Cookr/views/view_recipesList.html: -3
[2018-06-07 10:28:11] DELETE Cookr/views/recipe_list.html: -27
[2018-06-07 10:28:28] EDIT Cookr/controllers/default.py: 0
[2018-06-07 10:28:38] CREATE recipeList.html: 0
[2018-06-07 10:28:46] EDIT Cookr/views/recipeList.html: 24
[2018-06-07 10:32:41] EDIT Cookr/controllers/default.py: 0
[2018-06-07 10:32:48] EDIT Cookr/views/recipeList.html: 0
[2018-06-07 10:34:05] EDIT Cookr/controllers/default.py: 3
[2018-06-07 10:35:28] EDIT Cookr/controllers/default.py: 0
[2018-06-07 10:35:55] EDIT Cookr/controllers/default.py: 0
[2018-06-07 10:36:46] EDIT Cookr/controllers/default.py: 0
[2018-06-07 10:38:48] EDIT Cookr/views/recipeList.html: 2
[2018-06-07 10:40:23] CREATE default/recipeList.html: 0
[2018-06-07 10:40:47] EDIT Cookr/views/default/recipeList.html: 26
[2018-06-07 10:41:23] DELETE Cookr/views/recipeList.html: -29
[2018-06-07 10:42:39] EDIT Cookr/views/default/recipeList.html: 4
[2018-06-07 10:43:18] CREATE default/showIngredient.html: 0
[2018-06-07 10:44:08] EDIT Cookr/views/default/showIngredient.html: 5
[2018-06-07 10:46:06] EDIT Cookr/views/default/showIngredient.html: 1
[2018-06-07 10:46:24] EDIT Cookr/views/default/showIngredient.html: 1
[2018-06-07 10:46:42] EDIT Cookr/views/default/showIngredient.html: 0
[2018-06-07 10:46:57] EDIT Cookr/views/default/showIngredient.html: 0
[2018-06-07 10:47:12] EDIT Cookr/views/default/showIngredient.html: 0
[2018-06-07 10:48:56] EDIT Cookr/views/default/showIngredient.html: 0
[2018-06-07 10:58:07] EDIT Cookr/views/default/showIngredient.html: 0
[2018-06-07 10:58:21] EDIT Cookr/views/default/showIngredient.html: 0
[2018-06-07 11:49:34] CREATE default/newRecipe.html: 0
[2018-06-07 11:49:43] EDIT Cookr/views/default/newRecipe.html: 29
[2018-06-07 11:50:47] EDIT Cookr/controllers/default.py: 1
[2018-06-07 11:53:08] EDIT Cookr/models/menu.py: -94
[2018-06-07 11:55:27] EDIT Cookr/models/menu.py: 2
[2018-06-07 11:56:58] EDIT Cookr/controllers/default.py: 0
[2018-06-07 11:57:52] EDIT Cookr/controllers/default.py: 3
[2018-06-07 11:58:38] EDIT Cookr/controllers/default.py: 0
[2018-06-07 11:59:21] EDIT Cookr/views/default/newRecipe.html: 2
[2018-06-07 11:59:56] EDIT Cookr/controllers/default.py: 0
[2018-06-07 12:00:13] EDIT Cookr/views/default/newRecipe.html: -2
[2018-06-07 12:06:21] EDIT Cookr/controllers/default.py: 3
[2018-06-07 12:08:58] EDIT Cookr/models/db1.py: 1
[2018-06-07 12:15:10] EDIT Cookr/controllers/default.py: 0
[2018-06-07 12:16:31] EDIT Cookr/models/db1.py: 0
[2018-06-07 12:19:52] EDIT Cookr/models/db1.py: 0
[2018-06-07 12:20:19] EDIT Cookr/models/db1.py: 0
[2018-06-07 12:22:39] EDIT Cookr/models/db1.py: 0
[2018-06-07 12:22:58] EDIT Cookr/models/db1.py: 0
[2018-06-07 12:23:10] EDIT Cookr/models/db1.py: 0
[2018-06-07 12:25:30] EDIT Cookr/controllers/default.py: 1
[2018-06-07 12:25:50] CREATE default/manageRecipes.html: 0
[2018-06-07 12:26:13] EDIT Cookr/views/default/manageRecipes.html: 2
[2018-06-07 12:27:21] EDIT Cookr/models/menu.py: 1
[2018-06-07 12:27:50] EDIT Cookr/views/default/manageRecipes.html: 0
[2018-06-07 12:34:13] EDIT Cookr/models/db.py: 0
[2018-06-07 12:35:10] EDIT Cookr/models/db.py: 0
[2018-06-07 12:35:37] EDIT Cookr/controllers/default.py: -1
[2018-06-07 12:35:47] EDIT Cookr/controllers/default.py: 0
[2018-06-07 12:36:41] EDIT Cookr/models/db1.py: 0
[2018-06-07 12:36:43] EDIT Cookr/models/db1.py: 0
[2018-06-07 12:37:16] EDIT Cookr/models/db1.py: 0
[2018-06-07 12:37:28] EDIT Cookr/models/db.py: 0
[2018-06-07 12:37:55] EDIT Cookr/views/default/index.html: -28
[2018-06-07 12:40:52] EDIT Cookr/models/db1.py: 2
[2018-06-07 12:42:52] EDIT Cookr/views/layout.html: 0
[2018-06-07 12:45:24] EDIT Cookr/controllers/default.py: 1
[2018-06-07 12:46:08] EDIT Cookr/views/default/recipeList.html: -1
[2018-06-07 12:47:23] EDIT Cookr/views/default/recipeList.html: 1
[2018-06-07 12:47:46] EDIT Cookr/controllers/default.py: 1
[2018-06-07 12:48:31] CREATE default/showRecipe.html: 0
[2018-06-07 12:49:49] EDIT Cookr/views/default/showRecipe.html: 10
[2018-06-07 12:52:46] EDIT Cookr/views/default/showRecipe.html: 0
[2018-06-07 12:53:51] EDIT Cookr/views/default/showRecipe.html: 0
[2018-06-07 12:53:59] EDIT Cookr/views/default/showRecipe.html: 0
[2018-06-07 12:54:21] EDIT Cookr/views/default/showRecipe.html: 0
[2018-06-07 12:56:23] EDIT Cookr/views/default/showRecipe.html: 3
[2018-06-07 12:56:50] EDIT Cookr/views/default/showRecipe.html: 0
[2018-06-07 12:57:00] EDIT Cookr/views/default/showRecipe.html: 0
[2018-06-07 12:57:31] EDIT Cookr/views/default/showRecipe.html: 3
[2018-06-07 12:58:25] EDIT Cookr/views/default/showRecipe.html: 6
[2018-06-07 12:58:33] EDIT Cookr/views/default/showRecipe.html: 0
[2018-06-07 12:59:34] EDIT Cookr/views/default/showRecipe.html: 6
[2018-06-07 12:59:43] EDIT Cookr/views/default/showRecipe.html: 0
[2018-06-07 13:00:43] EDIT Cookr/views/default/showRecipe.html: 9
[2018-06-07 13:01:00] EDIT Cookr/views/default/showRecipe.html: 0
[2018-06-07 13:04:02] EDIT Cookr/models/db1.py: 1
[2018-06-07 13:04:16] EDIT Cookr/models/db1.py: 0
[2018-06-07 13:04:32] EDIT Cookr/models/db1.py: 0
[2018-06-07 13:08:24] EDIT Cookr/controllers/default.py: 1
[2018-06-07 13:09:36] EDIT Cookr/views/default/showRecipe.html: 20
[2018-06-07 13:09:56] EDIT Cookr/controllers/default.py: 0
[2018-06-07 13:11:11] EDIT Cookr/controllers/default.py: 0
[2018-06-07 13:11:30] EDIT Cookr/controllers/default.py: 0
[2018-06-07 13:12:47] EDIT Cookr/controllers/default.py: 0
[2018-06-07 13:15:09] EDIT Cookr/controllers/default.py: 0
[2018-06-07 13:17:19] EDIT Cookr/controllers/default.py: 0
[2018-06-07 13:17:29] EDIT Cookr/controllers/default.py: 0
[2018-06-07 13:17:38] EDIT Cookr/controllers/default.py: 0
[2018-06-07 13:18:57] EDIT Cookr/controllers/default.py: 0
[2018-06-07 13:22:07] EDIT Cookr/controllers/default.py: 0
[2018-06-07 13:23:41] EDIT Cookr/controllers/default.py: 0
[2018-06-07 13:23:48] EDIT Cookr/controllers/default.py: 0
[2018-06-07 13:24:00] EDIT Cookr/controllers/default.py: 0
[2018-06-07 13:24:24] EDIT Cookr/controllers/default.py: 0
[2018-06-07 13:24:37] EDIT Cookr/controllers/default.py: 0
[2018-06-07 13:25:37] EDIT Cookr/views/default/showRecipe.html: 5
[2018-06-07 13:26:20] EDIT Cookr/views/default/showRecipe.html: -2
[2018-06-07 13:29:35] EDIT Cookr/controllers/default.py: 0
[2018-06-07 13:29:42] EDIT Cookr/controllers/default.py: 0
[2018-06-07 13:30:23] EDIT Cookr/controllers/default.py: 0
[2018-06-07 13:30:37] EDIT Cookr/controllers/default.py: 0
[2018-06-07 13:31:16] EDIT Cookr/views/default/showRecipe.html: -22
[2018-06-07 13:31:35] EDIT Cookr/controllers/default.py: 0
[2018-06-07 13:33:23] EDIT Cookr/models/db1.py: 0
[2018-06-07 13:33:41] EDIT Cookr/models/db1.py: 0
[2018-06-07 13:34:01] EDIT Cookr/models/db1.py: -1
[2018-06-07 13:58:14] EDIT Cookr/controllers/default.py: 0
[2018-06-08 08:58:03] EDIT Cookr/views/default/showRecipe.html: 19
[2018-06-08 08:58:39] EDIT Cookr/views/default/showRecipe.html: -8
[2018-06-08 08:58:56] EDIT Cookr/views/default/showRecipe.html: 7
[2018-06-08 08:59:12] EDIT Cookr/views/default/showRecipe.html: 0
[2018-06-08 09:00:24] EDIT Cookr/views/default/showRecipe.html: 0
[2018-06-08 09:00:50] EDIT Cookr/views/default/showRecipe.html: 1
[2018-06-08 09:02:07] EDIT Cookr/views/default/showRecipe.html: -1
[2018-06-08 09:02:20] EDIT Cookr/views/default/showRecipe.html: -3
[2018-06-08 09:02:35] EDIT Cookr/views/default/showRecipe.html: -9
[2018-06-08 09:03:09] EDIT Cookr/controllers/default.py: 1
[2018-06-08 09:05:36] EDIT Cookr/views/default/showRecipe.html: 15
[2018-06-08 09:05:50] EDIT Cookr/views/default/showRecipe.html: 1
[2018-06-08 09:08:20] EDIT Cookr/models/db1.py: 1
[2018-06-08 09:08:32] EDIT Cookr/models/db1.py: 0
[2018-06-08 09:08:55] EDIT Cookr/models/db1.py: 0
[2018-06-08 09:09:52] EDIT Cookr/views/default/showRecipe.html: 0
[2018-06-08 09:12:15] EDIT Cookr/controllers/default.py: 1
[2018-06-08 09:12:55] EDIT Cookr/controllers/default.py: 0
[2018-06-08 09:14:19] EDIT Cookr/views/default/showRecipe.html: 6
[2018-06-08 09:14:34] EDIT Cookr/views/default/showRecipe.html: 0
[2018-06-08 09:14:44] EDIT Cookr/controllers/default.py: 0
[2018-06-08 09:16:09] EDIT Cookr/views/default/newRecipe.html: -23
[2018-06-08 14:56:55] EDIT Cookr/views/default/showRecipe.html: 5
[2018-06-08 14:57:33] EDIT Cookr/views/default/showRecipe.html: 0
[2018-06-08 14:58:10] EDIT Cookr/views/default/showRecipe.html: 2
[2018-06-08 14:58:24] EDIT Cookr/views/default/showRecipe.html: 0
[2018-06-08 15:02:04] EDIT Cookr/views/default/showRecipe.html: -2
[2018-06-08 15:02:22] EDIT Cookr/controllers/default.py: 2
[2018-06-08 15:07:09] EDIT Cookr/views/default/showRecipe.html: 0
[2018-06-08 15:08:04] EDIT Cookr/views/default/showRecipe.html: 0
[2018-06-08 15:12:48] EDIT Cookr/views/default/showRecipe.html: 0
[2018-06-08 15:14:38] EDIT Cookr/controllers/default.py: 3
[2018-06-08 15:14:53] EDIT Cookr/controllers/default.py: 0
[2018-06-08 15:15:32] EDIT Cookr/views/default/showRecipe.html: 0
[2018-06-08 15:15:46] EDIT Cookr/views/default/showRecipe.html: 0
[2018-06-08 15:17:11] EDIT Cookr/views/default/showRecipe.html: 0
[2018-06-08 15:17:41] EDIT Cookr/controllers/default.py: 0
[2018-06-08 15:18:13] EDIT Cookr/views/default/showRecipe.html: 0
[2018-06-08 15:21:50] EDIT Cookr/views/default/showRecipe.html: 0
[2018-06-08 15:23:07] EDIT Cookr/views/default/showRecipe.html: 0
[2018-06-08 15:26:09] EDIT Cookr/controllers/default.py: 1
[2018-06-08 15:26:29] CREATE default/editRecipe.html: 0
[2018-06-08 15:27:58] EDIT Cookr/controllers/default.py: 0
[2018-06-08 15:28:01] EDIT Cookr/views/default/editRecipe.html: 4
[2018-06-08 15:33:45] EDIT Cookr/controllers/default.py: 1
[2018-06-08 15:35:57] EDIT Cookr/models/menu.py: 0
[2018-06-08 15:37:52] EDIT Cookr/controllers/default.py: 1
[2018-06-08 15:39:29] EDIT Cookr/views/default/recipeList.html: 5
[2018-06-08 15:39:46] EDIT Cookr/views/default/recipeList.html: 0
[2018-06-08 15:43:40] EDIT Cookr/controllers/default.py: 3
[2018-06-08 15:43:45] EDIT Cookr/controllers/default.py: 0
[2018-06-08 15:44:01] EDIT Cookr/controllers/default.py: 0
[2018-06-08 15:44:12] EDIT Cookr/controllers/default.py: 0
[2018-06-08 15:49:33] EDIT Cookr/controllers/default.py: 0
[2018-06-08 15:50:05] EDIT Cookr/controllers/default.py: 0
[2018-06-08 16:32:07] EDIT Cookr/controllers/default.py: 0
[2018-06-08 16:33:24] EDIT Cookr/controllers/default.py: 0
[2018-06-08 16:34:58] EDIT Cookr/controllers/default.py: 0
[2018-06-08 16:35:46] EDIT Cookr/controllers/default.py: 1
[2018-06-08 16:41:11] EDIT Cookr/models/db1.py: 0
[2018-06-08 16:43:10] EDIT Cookr/models/db1.py: 0
[2018-06-08 16:44:12] EDIT Cookr/models/db1.py: 0
[2018-06-08 16:44:48] EDIT Cookr/models/db1.py: 0
[2018-06-08 16:46:19] EDIT Cookr/models/db1.py: 0
[2018-06-08 16:47:39] EDIT Cookr/models/db1.py: 0
[2018-06-08 16:53:01] EDIT Cookr/models/db1.py: 0
[2018-06-08 16:53:19] EDIT Cookr/models/db1.py: 0
[2018-06-08 16:53:35] EDIT Cookr/models/db1.py: 0
[2018-06-08 16:54:50] EDIT Cookr/models/db1.py: 0
[2018-06-08 16:57:13] EDIT Cookr/controllers/default.py: 0
[2018-06-08 16:57:48] EDIT Cookr/controllers/default.py: 0
[2018-06-08 16:57:52] EDIT Cookr/controllers/default.py: 0
[2018-06-08 16:59:00] EDIT Cookr/controllers/default.py: 0
[2018-06-08 17:06:59] EDIT Cookr/controllers/default.py: 0
[2018-06-08 17:08:06] EDIT Cookr/controllers/default.py: 1
[2018-06-08 17:08:29] EDIT Cookr/models/db1.py: 0
[2018-06-08 17:08:46] EDIT Cookr/models/db1.py: 0
[2018-06-08 17:10:01] EDIT Cookr/models/db1.py: 0
[2018-06-08 17:10:26] EDIT Cookr/models/db1.py: 0
[2018-06-08 17:11:44] EDIT Cookr/models/db1.py: 0
[2018-06-08 17:12:06] EDIT Cookr/models/db1.py: 0
[2018-06-08 17:15:04] EDIT Cookr/models/db1.py: 0
[2018-06-08 17:15:39] EDIT Cookr/models/db1.py: 0
[2018-06-08 17:19:54] EDIT Cookr/models/db1.py: 0
[2018-06-08 17:20:14] EDIT Cookr/models/db1.py: 0
[2018-06-08 17:21:06] EDIT Cookr/models/db1.py: 0
[2018-06-08 17:22:00] EDIT Cookr/models/db1.py: 0
[2018-06-08 17:22:05] EDIT Cookr/models/db1.py: 0
[2018-06-08 17:22:17] EDIT Cookr/models/db1.py: 0
[2018-06-08 17:22:44] EDIT Cookr/models/db1.py: 0
[2018-06-08 17:22:58] EDIT Cookr/models/db1.py: 0
[2018-06-08 17:23:10] EDIT Cookr/models/db1.py: 0
[2018-06-08 17:23:48] EDIT Cookr/models/db1.py: 0
[2018-06-08 17:24:05] EDIT Cookr/models/db1.py: 0
[2018-06-08 17:24:23] EDIT Cookr/models/db1.py: 0
[2018-06-08 17:26:53] EDIT Cookr/models/db1.py: 0
[2018-06-08 17:27:15] EDIT Cookr/models/db1.py: 0
[2018-06-08 17:29:16] EDIT Cookr/models/db1.py: 2
[2018-06-08 17:29:33] EDIT Cookr/models/db1.py: 0
[2018-06-08 17:30:47] EDIT Cookr/models/db1.py: 0
[2018-06-08 17:31:10] EDIT Cookr/models/db1.py: 1
[2018-06-08 17:31:30] EDIT Cookr/models/db1.py: -1
[2018-06-08 17:32:01] EDIT Cookr/models/db1.py: 0
[2018-06-08 17:33:11] EDIT Cookr/models/db1.py: 0
[2018-06-08 17:34:55] EDIT Cookr/models/db1.py: 2
[2018-06-08 17:35:13] EDIT Cookr/models/db1.py: 0
[2018-06-08 17:40:03] EDIT Cookr/models/db1.py: 6
[2018-06-08 17:41:07] EDIT Cookr/models/db1.py: 0
[2018-06-08 17:41:26] EDIT Cookr/models/db1.py: 0
[2018-06-08 17:46:09] EDIT Cookr/models/db1.py: 0
[2018-06-08 17:46:21] EDIT Cookr/models/db1.py: 0
[2018-06-08 17:47:11] EDIT Cookr/models/db1.py: 0
[2018-06-08 17:47:38] EDIT Cookr/models/db1.py: 0
[2018-06-08 17:50:07] EDIT Cookr/models/db1.py: 0
[2018-06-08 17:50:43] EDIT Cookr/models/db1.py: 0
[2018-06-08 17:55:17] EDIT Cookr/models/db1.py: 0
[2018-06-12 16:54:09] EDIT Cookr/controllers/default.py: -3
[2018-06-12 17:00:30] EDIT Cookr/views/default/recipeList.html: 6
[2018-06-12 17:00:41] EDIT Cookr/views/default/recipeList.html: 0
[2018-06-12 17:02:43] EDIT Cookr/views/default/recipeList.html: 0
[2018-06-12 17:02:57] EDIT Cookr/views/default/recipeList.html: 0
[2018-06-12 17:03:24] EDIT Cookr/views/default/recipeList.html: 2
[2018-06-12 17:05:41] EDIT Cookr/views/default/recipeList.html: -1
[2018-06-12 17:07:47] EDIT Cookr/views/default/recipeList.html: 2
[2018-06-12 17:08:03] EDIT Cookr/views/default/recipeList.html: 0
[2018-06-12 17:08:26] EDIT Cookr/views/default/recipeList.html: 0
[2018-06-12 17:08:54] EDIT Cookr/views/default/recipeList.html: 0
[2018-06-12 17:09:40] EDIT Cookr/views/default/recipeList.html: 5
[2018-06-12 17:10:30] EDIT Cookr/views/default/recipeList.html: 0
[2018-06-12 17:10:42] EDIT Cookr/views/default/recipeList.html: 0
[2018-06-12 17:11:02] EDIT Cookr/controllers/default.py: 0
[2018-06-12 17:13:01] EDIT Cookr/controllers/default.py: 0
[2018-06-12 17:13:42] EDIT Cookr/controllers/default.py: 2
[2018-06-12 17:17:45] EDIT Cookr/models/menu.py: 4
[2018-06-12 17:18:17] EDIT Cookr/models/menu.py: 0
[2018-06-12 17:22:09] EDIT Cookr/controllers/default.py: 7
[2018-06-12 17:22:33] CREATE default/categoryRecipeList.html: 0
[2018-06-12 17:23:58] EDIT Cookr/views/default/categoryRecipeList.html: 41
[2018-06-12 17:24:57] EDIT Cookr/controllers/default.py: 1
[2018-06-12 17:26:40] EDIT Cookr/models/menu.py: 0
[2018-06-12 17:28:07] EDIT Cookr/views/default/categoryRecipeList.html: 0
[2018-06-12 17:31:31] EDIT Cookr/controllers/default.py: 0
[2018-06-12 17:35:04] EDIT Cookr/controllers/default.py: 0
[2018-06-12 17:35:33] EDIT Cookr/controllers/default.py: 0
[2018-06-12 17:40:15] EDIT Cookr/controllers/default.py: 0
[2018-06-12 17:40:32] EDIT Cookr/controllers/default.py: 0
[2018-06-12 17:42:08] EDIT Cookr/controllers/default.py: 0
[2018-06-12 17:42:53] EDIT Cookr/controllers/default.py: 0
[2018-06-12 17:42:54] EDIT Cookr/controllers/default.py: 0
[2018-06-15 09:42:11] EDIT Cookr/controllers/default.py: 0
[2018-06-15 09:42:27] EDIT Cookr/controllers/default.py: 0
[2018-06-15 09:44:40] EDIT Cookr/models/menu.py: 2
[2018-06-15 09:57:31] EDIT Cookr/models/menu.py: 1
[2018-06-15 10:01:19] EDIT Cookr/models/menu.py: -1
[2018-06-15 10:04:39] EDIT Cookr/models/menu.py: 1
[2018-06-15 10:05:10] EDIT Cookr/models/menu.py: 1
[2018-06-15 10:05:31] EDIT Cookr/models/menu.py: 0
[2018-06-15 10:06:08] EDIT Cookr/models/menu.py: 0
[2018-06-15 10:07:31] EDIT Cookr/models/menu.py: -2
[2018-06-15 10:08:21] EDIT Cookr/models/menu.py: 0
[2018-06-15 10:09:17] EDIT Cookr/models/menu.py: 0
[2018-06-15 10:10:06] EDIT Cookr/models/menu.py: 0
[2018-06-15 10:13:35] EDIT Cookr/models/menu.py: 2
[2018-06-15 10:16:04] EDIT Cookr/controllers/default.py: 8
[2018-06-15 10:16:22] CREATE default/originRecipeList.html: 0
[2018-06-15 10:17:40] EDIT Cookr/views/default/originRecipeList.html: 41
[2018-06-15 10:17:55] EDIT Cookr/views/default/categoryRecipeList.html: 0
[2018-06-15 10:19:24] EDIT Cookr/controllers/default.py: 2
[2018-06-15 10:19:40] EDIT Cookr/controllers/default.py: 0
[2018-06-15 10:20:24] EDIT Cookr/controllers/default.py: 0
[2018-06-15 10:20:38] EDIT Cookr/controllers/default.py: 0
[2018-06-15 10:21:25] EDIT Cookr/controllers/default.py: 1
[2018-06-15 10:22:25] EDIT Cookr/controllers/default.py: 0
[2018-06-15 10:23:01] EDIT Cookr/controllers/default.py: 0
[2018-06-15 10:23:40] EDIT Cookr/controllers/default.py: 1
[2018-06-15 10:24:14] EDIT Cookr/views/default/originRecipeList.html: 0
[2018-06-15 10:24:59] EDIT Cookr/views/default/originRecipeList.html: 0
[2018-06-15 10:39:47] EDIT Cookr/views/default/index.html: 10
[2018-06-15 10:47:15] EDIT Cookr/views/layout.html: 0
[2018-06-15 10:47:30] EDIT Cookr/views/layout.html: -3
[2018-06-15 10:48:55] EDIT Cookr/controllers/default.py: 2
[2018-06-15 10:49:06] CREATE default/search.html: 0
[2018-06-15 11:46:49] EDIT Cookr/views/default/search.html: 2
[2018-06-15 11:47:12] EDIT Cookr/controllers/default.py: 4
[2018-06-15 11:47:36] EDIT Cookr/views/default/search.html: 0
[2018-06-15 11:48:36] EDIT Cookr/views/default/search.html: 6
[2018-06-15 11:48:52] EDIT Cookr/views/default/search.html: 0
[2018-06-15 11:52:38] EDIT Cookr/views/default/search.html: 0
[2018-06-15 11:52:48] EDIT Cookr/views/default/search.html: -1
[2018-06-15 11:54:06] EDIT Cookr/views/default/search.html: 0
[2018-06-15 11:54:21] EDIT Cookr/views/default/search.html: -2
[2018-06-15 11:55:28] EDIT Cookr/views/default/search.html: 2
[2018-06-15 11:56:11] EDIT Cookr/controllers/default.py: 1
[2018-06-15 11:56:28] EDIT Cookr/views/default/search.html: 2
[2018-06-15 11:57:22] EDIT Cookr/controllers/default.py: 3
[2018-06-15 11:57:44] EDIT Cookr/views/default/search.html: 2
[2018-06-15 11:58:41] EDIT Cookr/controllers/default.py: 0
[2018-06-15 11:59:35] EDIT Cookr/controllers/default.py: 0
[2018-06-15 11:59:55] EDIT Cookr/views/default/search.html: 0
[2018-06-15 12:00:17] EDIT Cookr/controllers/default.py: 0
[2018-06-15 12:00:21] EDIT Cookr/controllers/default.py: 0
[2018-06-15 12:00:35] EDIT Cookr/views/default/search.html: 0
[2018-06-15 12:01:31] EDIT Cookr/controllers/default.py: 0
[2018-06-15 12:01:33] EDIT Cookr/controllers/default.py: 0
[2018-06-15 12:02:18] EDIT Cookr/views/default/search.html: 0
[2018-06-15 12:02:27] EDIT Cookr/views/default/search.html: 0
[2018-06-15 12:02:47] EDIT Cookr/controllers/default.py: 1
[2018-06-15 12:03:38] EDIT Cookr/views/default/search.html: 0
[2018-06-15 12:03:52] EDIT Cookr/views/default/search.html: 0
[2018-06-15 12:06:11] EDIT Cookr/controllers/default.py: 1
[2018-06-15 12:07:10] EDIT Cookr/views/default/search.html: 4
[2018-06-15 12:07:55] EDIT Cookr/controllers/default.py: 0
[2018-06-15 12:09:22] EDIT Cookr/controllers/default.py: 0
[2018-06-15 12:09:34] EDIT Cookr/controllers/default.py: 0
[2018-06-26 12:06:52] CREATE css/index.css: 0
[2018-06-26 12:07:33] EDIT Cookr/views/default/index.html: 1
[2018-06-26 12:07:53] EDIT Cookr/static/css/index.css: 3
[2018-06-26 12:08:31] CREATE css/general.css: 0
[2018-06-26 12:09:13] EDIT Cookr/views/layout.html: 1
[2018-06-26 12:09:22] EDIT Cookr/static/css/general.css: 3
[2018-06-26 12:10:02] EDIT Cookr/views/default/index.html: 0
[2018-06-26 12:14:21] EDIT Cookr/static/css/general.css: 0
[2018-06-26 12:15:19] EDIT Cookr/static/css/general.css: 4
[2018-06-26 12:16:37] EDIT Cookr/static/css/general.css: 10
[2018-06-26 12:19:02] EDIT Cookr/static/css/general.css: 2
[2018-06-26 12:19:18] EDIT Cookr/static/css/general.css: 0
[2018-06-26 12:19:34] EDIT Cookr/static/css/general.css: 0
[2018-06-26 12:20:00] EDIT Cookr/views/default/index.html: 0
[2018-06-26 12:20:06] EDIT Cookr/static/css/general.css: 0
[2018-06-26 12:21:11] EDIT Cookr/views/default/recipeList.html: -8
[2018-06-26 12:21:36] EDIT Cookr/views/default/recipeList.html: 0
[2018-06-26 12:23:05] EDIT Cookr/static/css/general.css: 12
[2018-06-26 12:24:58] EDIT Cookr/views/layout.html: -12
[2018-06-26 12:25:14] EDIT Cookr/views/layout.html: -2
[2018-06-26 12:27:24] EDIT Cookr/views/layout.html: 3
[2018-06-26 12:27:36] EDIT Cookr/static/css/general.css: 4
[2018-06-26 12:27:57] EDIT Cookr/static/css/general.css: 0
[2018-06-26 12:28:09] EDIT Cookr/static/css/general.css: 0
[2018-06-26 12:28:21] EDIT Cookr/static/css/general.css: 0
[2018-06-26 12:28:24] EDIT Cookr/static/css/general.css: 0
[2018-06-26 12:28:55] EDIT Cookr/views/layout.html: 0
[2018-06-26 12:30:16] EDIT Cookr/views/default/showRecipe.html: 2
[2018-06-26 12:30:38] EDIT Cookr/static/css/general.css: 3
[2018-06-26 12:31:08] EDIT Cookr/static/css/general.css: 2
[2018-06-26 12:31:23] EDIT Cookr/static/css/general.css: 1
[2018-06-26 12:32:02] EDIT Cookr/static/css/general.css: 1
[2018-06-26 12:32:41] EDIT Cookr/static/css/general.css: 0
[2018-06-26 12:32:52] EDIT Cookr/static/css/general.css: 0
[2018-06-26 12:33:29] EDIT Cookr/views/default/showRecipe.html: 0
[2018-06-26 12:33:53] EDIT Cookr/views/default/showRecipe.html: 0
[2018-06-26 12:34:02] EDIT Cookr/static/css/general.css: 0
[2018-06-26 12:34:42] EDIT Cookr/views/default/showRecipe.html: 2
[2018-06-26 12:35:08] EDIT Cookr/views/default/showRecipe.html: 2
[2018-06-26 13:04:18] EDIT Cookr/models/db1.py: 2
[2018-06-26 13:04:27] EDIT Cookr/views/default/newRecipe.html: -4
[2018-06-26 13:05:36] EDIT Cookr/models/db1.py: 1
[2018-06-26 13:05:40] EDIT Cookr/models/db1.py: 0
[2018-06-26 13:07:02] EDIT Cookr/controllers/default.py: -1
[2018-06-26 13:08:04] EDIT Cookr/views/default/showRecipe.html: -19
[2018-06-26 13:11:27] EDIT Cookr/models/db1.py: 0
[2018-06-26 13:23:07] EDIT Cookr/models/db1.py: 0
[2018-06-26 13:27:10] EDIT Cookr/models/db1.py: 1
[2018-06-26 13:27:22] EDIT Cookr/models/db1.py: -1
[2018-06-26 13:27:33] EDIT Cookr/models/db1.py: 0
[2018-06-26 13:28:39] EDIT Cookr/views/default/showRecipe.html: -10
[2018-06-26 13:31:09] EDIT Cookr/views/default/showRecipe.html: 0
[2018-06-26 13:31:42] EDIT Cookr/views/default/showRecipe.html: 0
[2018-06-26 13:32:52] EDIT Cookr/static/css/general.css: 1
[2018-06-26 13:33:07] EDIT Cookr/static/css/general.css: 0
[2018-06-26 13:33:17] EDIT Cookr/static/css/general.css: 0
[2018-06-26 13:33:27] EDIT Cookr/static/css/general.css: 0
[2018-06-26 13:34:05] EDIT Cookr/views/default/showRecipe.html: 2
[2018-06-26 13:34:22] EDIT Cookr/views/default/showRecipe.html: -1
[2018-06-26 13:36:29] EDIT Cookr/static/css/general.css: 3
[2018-06-26 13:38:13] EDIT Cookr/static/css/general.css: 1
[2018-06-26 13:38:38] EDIT Cookr/static/css/general.css: -2
[2018-06-26 13:38:52] EDIT Cookr/static/css/general.css: 0
[2018-06-26 13:39:18] EDIT Cookr/static/css/general.css: 0
[2018-06-26 13:39:29] EDIT Cookr/static/css/general.css: 0
[2018-06-26 13:39:44] EDIT Cookr/static/css/general.css: 0
[2018-06-26 13:41:03] EDIT Cookr/views/default/showRecipe.html: 5
[2018-06-26 13:41:17] EDIT Cookr/views/default/showRecipe.html: -1
[2018-06-26 13:44:12] EDIT Cookr/views/default/showRecipe.html: 1
[2018-06-26 13:44:34] EDIT Cookr/views/default/showRecipe.html: 0
[2018-06-26 13:45:20] EDIT Cookr/static/css/general.css: 4
[2018-06-26 13:45:35] EDIT Cookr/static/css/general.css: 1
[2018-06-26 13:45:47] EDIT Cookr/static/css/general.css: 0
[2018-06-26 13:46:50] EDIT Cookr/views/default/showRecipe.html: 2
[2018-06-26 13:47:05] EDIT Cookr/views/default/showRecipe.html: 0
[2018-06-26 13:48:18] EDIT Cookr/views/default/showRecipe.html: 0
[2018-06-26 13:48:34] EDIT Cookr/views/default/showRecipe.html: 0
[2018-06-26 13:48:51] EDIT Cookr/views/default/showRecipe.html: 0
[2018-06-26 13:50:53] EDIT Cookr/views/default/recipeList.html: 8
[2018-06-26 13:51:14] EDIT Cookr/views/default/recipeList.html: 0
[2018-06-26 13:51:46] EDIT Cookr/static/css/general.css: 4
[2018-06-26 13:53:13] EDIT Cookr/views/default/recipeList.html: 0
[2018-06-26 13:53:58] EDIT Cookr/static/css/general.css: 3
[2018-06-26 13:54:37] EDIT Cookr/static/css/general.css: 4
[2018-06-26 13:55:27] EDIT Cookr/views/default/recipeList.html: 0
[2018-06-26 13:55:52] EDIT Cookr/views/default/recipeList.html: 0
[2018-06-26 13:56:06] EDIT Cookr/views/default/recipeList.html: 0
[2018-06-26 13:58:08] EDIT Cookr/views/default/recipeList.html: 4
[2018-06-26 13:58:58] EDIT Cookr/static/css/general.css: 5
[2018-06-26 14:46:22] EDIT Cookr/views/default/categoryRecipeList.html: 11
[2018-06-26 14:48:17] EDIT Cookr/views/default/originRecipeList.html: 12
[2018-06-26 14:48:41] EDIT Cookr/views/default/categoryRecipeList.html: 0
[2018-06-26 14:48:49] EDIT Cookr/views/default/originRecipeList.html: 0
[2018-06-26 14:58:00] EDIT Cookr/views/default/showRecipe.html: 4
[2018-06-26 14:58:56] EDIT Cookr/views/default/showRecipe.html: 0
[2018-06-26 14:59:10] EDIT Cookr/views/default/showRecipe.html: 0
[2018-06-26 15:03:53] EDIT Cookr/static/css/general.css: 4
[2018-06-26 15:04:05] EDIT Cookr/static/css/general.css: 0
[2018-06-26 15:04:24] EDIT Cookr/static/css/general.css: 0
[2018-06-26 15:04:39] EDIT Cookr/static/css/general.css: -6
[2018-06-26 15:10:14] EDIT Cookr/static/css/general.css: 5
[2018-06-26 15:10:45] EDIT Cookr/static/css/general.css: -5
[2018-06-26 15:11:08] EDIT Cookr/static/css/general.css: 5
[2018-06-26 15:11:34] EDIT Cookr/static/css/general.css: 0
[2018-06-26 15:11:59] EDIT Cookr/views/default/recipeList.html: -13
[2018-06-26 15:12:29] EDIT Cookr/views/default/categoryRecipeList.html: -12
[2018-06-26 15:12:34] EDIT Cookr/views/default/originRecipeList.html: -13
[2018-06-26 15:13:01] EDIT Cookr/static/css/general.css: 3
[2018-06-26 15:13:11] EDIT Cookr/static/css/general.css: 0
[2018-06-26 15:13:32] EDIT Cookr/static/css/general.css: 0
[2018-06-26 15:13:43] EDIT Cookr/static/css/general.css: 0
[2018-06-26 15:14:39] EDIT Cookr/views/default/recipeList.html: 0
[2018-06-26 15:14:52] EDIT Cookr/views/default/recipeList.html: 0
[2018-06-26 15:15:01] EDIT Cookr/static/css/general.css: 0
[2018-06-26 15:15:30] EDIT Cookr/views/default/recipeList.html: 0
[2018-06-26 15:17:05] EDIT Cookr/models/db1.py: 0
[2019-01-04 19:17:23] EDIT Cookr/models/db1.py: 8
[2019-01-04 19:22:15] EDIT Cookr/models/menu.py: 3
[2019-01-04 19:24:18] EDIT Cookr/controllers/default.py: 3
[2019-01-04 19:26:12] CREATE default/showWeekplan.html: 0
[2019-01-04 19:26:34] EDIT Cookr/views/default/showWeekplan.html: -1
[2019-01-04 19:26:48] EDIT Cookr/controllers/default.py: 0
[2019-01-04 19:26:49] EDIT Cookr/controllers/default.py: 0
[2019-01-04 19:31:17] EDIT Cookr/views/default/showWeekplan.html: 50
[2019-01-04 19:32:57] EDIT Cookr/models/db1.py: 1
[2019-01-04 19:37:14] EDIT Cookr/views/default/showWeekplan.html: 2
[2019-01-04 19:37:50] EDIT Cookr/views/default/showWeekplan.html: 0
[2019-01-04 19:39:33] EDIT Cookr/controllers/default.py: 3
[2019-01-04 19:40:37] EDIT Cookr/controllers/default.py: 0
[2019-01-04 19:41:00] EDIT Cookr/controllers/default.py: -2
[2019-01-04 19:41:00] EDIT Cookr/controllers/default.py: 0
[2019-01-04 19:41:01] EDIT Cookr/controllers/default.py: 0
[2019-01-04 19:41:01] EDIT Cookr/controllers/default.py: 0
[2019-01-04 19:41:07] EDIT Cookr/controllers/default.py: 0
[2019-01-04 19:41:28] EDIT Cookr/controllers/default.py: 0
[2019-01-04 19:43:40] EDIT Cookr/controllers/default.py: 0
[2019-01-04 19:47:20] EDIT Cookr/views/default/showWeekplan.html: 26
[2019-01-04 19:52:32] EDIT Cookr/models/db1.py: 0
[2019-01-04 22:11:49] EDIT Cookr/models/db1.py: 0
[2019-01-04 22:11:58] EDIT Cookr/models/db1.py: 0
[2019-01-04 22:11:59] EDIT Cookr/models/db1.py: 0
[2019-01-04 22:12:02] EDIT Cookr/models/db1.py: 0
[2019-01-04 22:16:30] EDIT Cookr/models/db1.py: 0
[2019-01-04 23:41:53] EDIT Cookr/views/default/showWeekplan.html: 0
[2019-01-04 23:41:59] EDIT Cookr/controllers/default.py: 4
[2019-01-04 23:42:37] EDIT Cookr/controllers/default.py: 0
[2019-01-04 23:42:55] EDIT Cookr/views/default/showWeekplan.html: 0
[2019-01-04 23:50:04] EDIT Cookr/controllers/default.py: 1
[2019-01-04 23:50:23] EDIT Cookr/views/default/showWeekplan.html: 1
[2019-01-04 23:51:02] EDIT Cookr/views/default/showWeekplan.html: -78
[2019-01-04 23:52:00] EDIT Cookr/controllers/default.py: -4
[2019-01-04 23:52:06] EDIT Cookr/views/default/showWeekplan.html: 0
[2019-01-04 23:53:52] EDIT Cookr/controllers/default.py: 0
[2019-01-04 23:54:07] EDIT Cookr/views/default/showWeekplan.html: 78
[2019-01-04 23:55:46] EDIT Cookr/controllers/default.py: 2
[2019-01-04 23:55:56] EDIT Cookr/views/default/showWeekplan.html: 0
[2019-01-04 23:56:37] EDIT Cookr/views/default/showWeekplan.html: 0
[2019-01-04 23:57:18] EDIT Cookr/controllers/default.py: 6
[2019-01-04 23:57:50] EDIT Cookr/controllers/default.py: 0
[2019-01-05 00:02:01] EDIT Cookr/controllers/default.py: 0
[2019-01-19 16:51:18] EDIT Cookr/views/layout.html: 0
[2019-01-19 16:55:56] EDIT Cookr/views/default/user.html: 0
[2019-01-19 16:56:17] EDIT Cookr/views/default/user.html: 0
[2019-01-19 16:56:40] EDIT Cookr/views/default/user.html: 0
[2019-01-19 16:56:42] EDIT Cookr/views/default/user.html: 0
[2019-01-19 18:34:01] EDIT Cookr/views/layout.html: 0
[2019-01-19 18:37:39] EDIT Cookr/models/menu.py: 2
[2019-01-19 18:43:13] EDIT Cookr/views/layout.html: 2
[2019-01-19 18:43:43] EDIT Cookr/views/layout.html: 0
[2019-01-19 18:44:33] EDIT Cookr/models/menu.py: -4
[2019-01-19 18:44:51] EDIT Cookr/models/menu.py: -1
[2019-01-19 18:45:15] EDIT Cookr/models/menu.py: -2
[2019-01-19 18:54:51] EDIT Cookr/controllers/default.py: 0
[2019-01-19 18:59:06] EDIT Cookr/views/default/showWeekplan.html: -1
[2019-01-19 18:59:07] EDIT Cookr/views/default/showWeekplan.html: 0
[2019-01-19 19:01:35] EDIT Cookr/views/default/showRecipe.html: 7
[2019-01-19 19:01:51] EDIT Cookr/views/default/showRecipe.html: 0
[2019-01-19 19:02:34] EDIT Cookr/views/default/showRecipe.html: 0
[2019-01-19 19:03:06] EDIT Cookr/views/default/showRecipe.html: 0
[2019-01-19 19:03:30] EDIT Cookr/views/default/showRecipe.html: 0
[2019-01-19 19:03:47] CREATE addToWeekplan.html: 0
[2019-01-19 19:03:59] EDIT Cookr/views/addToWeekplan.html: 77
[2019-01-19 19:05:27] EDIT Cookr/controllers/default.py: 13
[2019-01-19 19:06:49] EDIT Cookr/views/addToWeekplan.html: 0
[2019-01-19 19:07:10] EDIT Cookr/views/addToWeekplan.html: 0
[2019-01-19 19:08:31] EDIT Cookr/views/default/showRecipe.html: 0
[2019-01-19 19:09:43] EDIT Cookr/views/default/showRecipe.html: 0
[2019-01-19 19:10:30] EDIT Cookr/views/default/showRecipe.html: 0
[2019-01-19 19:10:31] EDIT Cookr/views/default/showRecipe.html: 0
[2019-01-19 19:10:40] EDIT Cookr/views/default/showRecipe.html: 0
[2019-01-19 19:10:45] EDIT Cookr/views/default/showRecipe.html: 0
[2019-01-19 19:11:21] EDIT Cookr/views/default/showRecipe.html: 0
[2019-01-19 19:12:12] EDIT Cookr/views/default/showRecipe.html: 0
[2019-01-19 19:12:26] EDIT Cookr/views/default/showRecipe.html: 0
[2019-01-19 19:12:57] EDIT Cookr/views/default/showRecipe.html: 0
[2019-01-19 19:13:29] EDIT Cookr/views/default/showRecipe.html: -1
[2019-01-19 19:13:30] EDIT Cookr/views/default/showRecipe.html: 0
[2019-01-19 19:14:51] EDIT Cookr/controllers/default.py: 1
[2019-01-19 19:16:25] CREATE default/addToWeekplan.html: 0
[2019-01-19 19:16:41] EDIT Cookr/views/default/addToWeekplan.html: 77
[2019-01-19 19:17:00] DELETE Cookr/views/addToWeekplan.html: -80
[2019-01-19 19:17:04] DELETE Cookr/controllers/test.py: -4
[2019-01-19 19:17:36] EDIT Cookr/views/default/showRecipe.html: 0
[2019-01-19 19:18:11] EDIT Cookr/views/default/showRecipe.html: 0
[2019-01-19 19:19:27] EDIT Cookr/controllers/default.py: 2
[2019-01-19 19:20:41] EDIT Cookr/views/default/addToWeekplan.html: 3
[2019-01-19 19:22:25] EDIT Cookr/controllers/default.py: 0
[2019-01-19 19:23:32] EDIT Cookr/controllers/default.py: 0
[2019-01-19 19:24:16] EDIT Cookr/views/default/addToWeekplan.html: -1
[2019-01-19 19:24:54] EDIT Cookr/views/default/recipeList.html: 0
[2019-01-19 19:26:06] EDIT Cookr/views/default/showRecipe.html: 0
[2019-01-19 19:26:25] EDIT Cookr/views/default/showRecipe.html: 0
[2019-01-19 19:27:23] EDIT Cookr/controllers/default.py: 2
[2019-01-19 19:27:44] EDIT Cookr/views/default/addToWeekplan.html: -75
[2019-01-19 19:28:10] EDIT Cookr/views/default/addToWeekplan.html: -2
[2019-01-19 19:28:58] EDIT Cookr/views/default/addToWeekplan.html: -3
[2019-01-19 19:29:04] EDIT Cookr/views/default/addToWeekplan.html: 3
[2019-01-19 19:29:26] EDIT Cookr/controllers/default.py: 1
[2019-01-19 19:29:55] EDIT Cookr/views/default/addToWeekplan.html: 0
[2019-01-19 19:31:16] EDIT Cookr/controllers/default.py: 0
[2019-01-19 19:31:27] EDIT Cookr/controllers/default.py: -1
[2019-01-19 19:31:38] EDIT Cookr/controllers/default.py: 0
[2019-01-19 19:31:46] EDIT Cookr/controllers/default.py: 0
[2019-01-19 19:31:57] EDIT Cookr/controllers/default.py: 0
[2019-01-19 19:32:05] EDIT Cookr/controllers/default.py: -1
[2019-01-19 19:32:31] EDIT Cookr/controllers/default.py: 0
[2019-01-19 19:32:50] EDIT Cookr/views/default/addToWeekplan.html: 78
[2019-01-19 19:33:09] EDIT Cookr/controllers/default.py: -1
[2019-01-19 19:36:13] EDIT Cookr/views/default/addToWeekplan.html: 23
[2019-01-19 19:37:59] EDIT Cookr/views/default/addToWeekplan.html: 10
[2019-01-19 19:41:44] EDIT Cookr/views/default/addToWeekplan.html: -110
[2019-01-19 19:43:09] EDIT Cookr/controllers/default.py: 1
[2019-01-19 19:43:21] EDIT Cookr/controllers/default.py: 0
[2019-01-19 19:44:43] EDIT Cookr/views/default/addToWeekplan.html: 0
[2019-01-19 19:48:53] EDIT Cookr/views/default/editRecipe.html: 11
[2019-01-19 19:49:12] EDIT Cookr/views/default/editRecipe.html: 0
[2019-01-19 19:49:53] EDIT Cookr/views/default/addToWeekplan.html: 110
[2019-01-19 19:51:28] EDIT Cookr/controllers/default.py: 2
[2019-01-19 19:51:37] EDIT Cookr/controllers/default.py: 0
[2019-01-19 19:55:01] EDIT Cookr/views/default/addToWeekplan.html: 0
[2019-01-19 19:58:52] EDIT Cookr/views/default/addToWeekplan.html: -2
[2019-01-19 20:00:47] EDIT Cookr/views/default/addToWeekplan.html: 0
[2019-01-19 20:01:14] EDIT Cookr/views/default/addToWeekplan.html: 0
[2019-01-19 20:01:15] EDIT Cookr/views/default/addToWeekplan.html: 0
[2019-01-19 20:02:47] EDIT Cookr/views/default/addToWeekplan.html: 2
[2019-01-19 20:03:25] EDIT Cookr/controllers/default.py: 0
[2019-01-19 20:03:34] EDIT Cookr/views/default/addToWeekplan.html: 0
[2019-01-19 20:03:59] EDIT Cookr/controllers/default.py: -1
[2019-01-19 20:04:27] EDIT Cookr/controllers/default.py: 1
[2019-01-19 20:04:56] EDIT Cookr/controllers/default.py: 0
[2019-01-19 20:06:08] EDIT Cookr/controllers/default.py: 0
[2019-01-19 20:06:25] EDIT Cookr/views/default/addToWeekplan.html: 0
[2019-01-19 20:06:41] EDIT Cookr/views/default/addToWeekplan.html: 0
[2019-01-19 20:07:12] EDIT Cookr/controllers/default.py: 0
[2019-01-19 20:07:38] EDIT Cookr/views/default/addToWeekplan.html: 0
[2019-01-19 20:07:55] EDIT Cookr/views/default/addToWeekplan.html: 0
[2019-01-19 20:08:45] CREATE default/addToWeekplan.py: 0
[2019-01-19 20:09:34] EDIT Cookr/controllers/default/addToWeekplan.py: 17
[2019-01-19 20:10:07] CREATE default/addToWeekplan/storeWeekdayToDatabase.html: 0
[2019-01-19 20:10:10] EDIT Cookr/views/default/addToWeekplan/storeWeekdayToDatabase.html: 0
[2019-01-19 20:10:47] EDIT Cookr/views/default/addToWeekplan.html: 0
[2019-01-19 20:11:18] EDIT Cookr/views/default/addToWeekplan.html: 0
[2019-01-19 20:12:11] EDIT Cookr/controllers/default.py: 1
[2019-01-19 20:12:14] EDIT Cookr/controllers/default.py: 0
[2019-01-19 20:12:37] EDIT Cookr/controllers/default.py: 1
[2019-01-19 20:12:46] CREATE default/storeWeekdayToDatabase.html: 0
[2019-01-19 20:12:48] EDIT Cookr/views/default/storeWeekdayToDatabase.html: 0
[2019-01-19 20:13:18] EDIT Cookr/views/default/addToWeekplan.html: 0
[2019-01-19 20:13:27] EDIT Cookr/views/default/addToWeekplan.html: 0
[2019-01-19 20:15:15] EDIT Cookr/views/default/addToWeekplan.html: 0
[2019-01-19 20:16:13] EDIT Cookr/views/default/addToWeekplan.html: 0
[2019-01-19 20:18:58] EDIT Cookr/views/default/addToWeekplan.html: -16
[2019-01-19 20:20:46] EDIT Cookr/views/default/addToWeekplan.html: 16
[2019-01-19 20:25:29] EDIT Cookr/views/default/addToWeekplan.html: 1
[2019-01-19 20:28:10] EDIT Cookr/controllers/default.py: 1
[2019-01-19 20:28:26] EDIT Cookr/controllers/default.py: 0
[2019-01-20 10:54:40] EDIT Cookr/views/default/showRecipe.html: 3
[2019-01-20 12:36:26] EDIT Cookr/views/default/addToWeekplan.html: 0
[2019-01-20 12:37:58] EDIT Cookr/controllers/default.py: 0
[2019-01-20 12:39:26] EDIT Cookr/views/default/addToWeekplan.html: 1
[2019-01-20 12:39:56] EDIT Cookr/views/default/addToWeekplan.html: 0
[2019-01-20 12:40:14] EDIT Cookr/views/default/addToWeekplan.html: 0
[2019-01-20 12:40:43] EDIT Cookr/views/default/addToWeekplan.html: 0
[2019-01-20 12:40:55] EDIT Cookr/views/default/addToWeekplan.html: 0
[2019-01-20 12:41:40] DELETE Cookr/controllers/default/addToWeekplan.py: -18
[2019-01-20 12:41:48] DELETE Cookr/views/default/addToWeekplan/storeWeekdayToDatabase.html: -3
[2019-01-20 12:42:02] EDIT Cookr/views/default/addToWeekplan.html: 0
[2019-01-20 12:43:04] EDIT Cookr/views/default/addToWeekplan.html: 0
[2019-01-20 12:43:32] EDIT Cookr/views/default/addToWeekplan.html: -2
[2019-01-20 12:43:56] EDIT Cookr/views/default/addToWeekplan.html: 0
[2019-01-20 12:44:50] EDIT Cookr/views/default/addToWeekplan.html: 1
[2019-01-20 12:46:04] EDIT Cookr/controllers/default.py: 2
[2019-01-20 12:46:35] EDIT Cookr/controllers/default.py: -1
[2019-01-20 12:46:57] EDIT Cookr/views/default/addToWeekplan.html: 3
[2019-01-20 12:47:34] EDIT Cookr/controllers/default.py: 0
[2019-01-20 12:47:44] EDIT Cookr/controllers/default.py: 0
[2019-01-20 12:48:25] EDIT Cookr/views/default/addToWeekplan.html: -3
[2019-01-20 12:48:29] EDIT Cookr/controllers/default.py: 2
[2019-01-20 12:48:34] EDIT Cookr/controllers/default.py: 0
[2019-01-20 12:48:58] EDIT Cookr/controllers/default.py: 0
[2019-01-20 12:52:00] EDIT Cookr/controllers/default.py: 1
[2019-01-20 12:52:37] EDIT Cookr/controllers/default.py: 0
[2019-01-20 12:53:09] EDIT Cookr/controllers/default.py: 0
[2019-01-20 12:53:47] EDIT Cookr/controllers/default.py: 0
[2019-01-20 12:54:40] EDIT Cookr/controllers/default.py: 1
[2019-01-20 12:55:09] EDIT Cookr/controllers/default.py: 1
[2019-01-20 12:55:30] EDIT Cookr/controllers/default.py: 0
[2019-01-20 13:00:53] EDIT Cookr/controllers/default.py: 2
[2019-01-20 13:01:02] EDIT Cookr/controllers/default.py: 0
[2019-01-20 13:04:12] EDIT Cookr/controllers/default.py: 1
[2019-01-20 13:04:48] EDIT Cookr/controllers/default.py: 0
[2019-01-20 13:05:48] EDIT Cookr/controllers/default.py: 1
[2019-01-20 13:09:56] EDIT Cookr/controllers/default.py: 6
[2019-01-20 13:10:42] EDIT Cookr/controllers/default.py: 0
[2019-01-20 13:14:01] EDIT Cookr/views/default/showWeekplan.html: 0
[2019-01-20 13:14:56] EDIT Cookr/views/default/showWeekplan.html: 0
[2019-01-20 13:16:46] EDIT Cookr/views/default/showRecipe.html: 0
[2019-01-20 13:17:32] EDIT Cookr/views/default/showWeekplan.html: 49
[2019-01-20 13:18:35] EDIT Cookr/views/default/showWeekplan.html: -12
[2019-01-20 13:19:47] EDIT Cookr/views/default/showWeekplan.html: 0
[2019-01-20 13:21:03] EDIT Cookr/views/default/showWeekplan.html: 0
[2019-01-20 13:21:50] EDIT Cookr/views/default/showWeekplan.html: 0
[2019-01-20 13:23:04] EDIT Cookr/views/default/showWeekplan.html: 0
[2019-01-20 13:23:18] EDIT Cookr/views/default/showWeekplan.html: 0
[2019-01-20 13:24:02] EDIT Cookr/views/default/showWeekplan.html: 0
[2019-01-20 13:25:30] EDIT Cookr/static/css/general.css: -1
[2019-01-20 13:25:59] EDIT Cookr/static/css/general.css: 1
[2019-01-20 13:26:39] EDIT Cookr/views/default/showWeekplan.html: 0
[2019-01-20 13:28:33] EDIT Cookr/static/css/general.css: 0
[2019-01-20 13:29:04] EDIT Cookr/static/css/general.css: 0
[2019-01-20 13:30:33] EDIT Cookr/views/default/showWeekplan.html: 0
[2019-01-20 13:31:21] EDIT Cookr/static/css/general.css: 6
[2019-01-20 13:31:39] EDIT Cookr/static/css/general.css: 0
[2019-01-20 13:32:01] EDIT Cookr/static/css/general.css: 1
[2019-01-20 13:32:27] EDIT Cookr/static/css/general.css: 0
[2019-01-20 13:33:01] EDIT Cookr/static/css/general.css: 0
[2019-01-20 13:33:47] EDIT Cookr/static/css/general.css: 1
[2019-01-20 13:34:22] EDIT Cookr/static/css/general.css: 0
[2019-01-20 13:34:29] EDIT Cookr/static/css/general.css: 0
[2019-01-20 13:34:38] EDIT Cookr/static/css/general.css: -1
[2019-01-20 13:34:49] EDIT Cookr/static/css/general.css: 0
[2019-01-20 13:35:36] EDIT Cookr/static/css/general.css: 1
[2019-01-20 13:38:03] EDIT Cookr/static/css/general.css: 0
[2019-01-20 13:40:30] EDIT Cookr/views/default/showWeekplan.html: 24
[2019-01-20 13:43:08] EDIT Cookr/views/default/showWeekplan.html: -22
[2019-01-20 13:45:32] EDIT Cookr/views/default/showWeekplan.html: 26
[2019-01-20 13:48:09] EDIT Cookr/views/default/addToWeekplan.html: 65
[2019-01-20 13:48:48] EDIT Cookr/views/default/addToWeekplan.html: -3
[2019-01-20 14:33:49] EDIT Cookr/views/default/newRecipe.html: 13
[2019-01-20 14:35:41] EDIT Cookr/controllers/default.py: 1
[2019-01-20 14:35:55] EDIT Cookr/controllers/default.py: 0
[2019-01-20 14:36:23] EDIT Cookr/controllers/default.py: 1
